2026-01-29 18:06:05,703 [INFO] Processing code K742142
2026-01-29 18:06:25,423 [WARNING] Initial page load timed out; continuing with whatever rendered for code K742142
2026-01-29 18:06:34,742 [INFO] Processing code K742133
2026-01-29 18:06:46,126 [INFO] Processing code C112010
2026-01-29 18:06:57,621 [INFO] Processing code D281108
2026-01-29 18:07:09,084 [INFO] Processing code K742154
2026-01-29 18:07:20,107 [INFO] Processing code C111003
2026-01-29 18:07:31,518 [INFO] Processing code K742109
2026-01-29 18:07:44,810 [INFO] Processing code F452014
2026-01-29 18:07:54,799 [INFO] No records found for code F452014
2026-01-29 18:07:54,799 [INFO] Processing code C112001
2026-01-29 18:08:06,336 [INFO] Processing code C112004
2026-01-29 18:08:17,721 [INFO] Processing code C112002
2026-01-29 18:08:29,578 [INFO] Processing code C112003
2026-01-29 18:08:40,879 [INFO] Processing code G514920
2026-01-29 18:08:52,413 [INFO] Processing code D281116
2026-01-29 18:09:03,869 [INFO] Processing code K742216
2026-01-29 18:09:15,395 [INFO] Processing code G515906
2026-01-29 18:09:25,439 [INFO] No records found for code G515906
2026-01-29 18:09:25,439 [INFO] Processing code D242904
2026-01-29 18:09:37,134 [INFO] Saved 15 rows to D:\Data-Collector\raw\dubai_chamber\dubai_chamber_20260129_140604.csv
