2026-01-29 19:12:54,136 [INFO] Processing code G514920
2026-01-29 19:13:14,161 [WARNING] Initial page load timed out; continuing with whatever rendered for code G514920
2026-01-29 19:13:24,456 [INFO] Code G514920 page 1: html_rows=10 dom_rows=10 grid_rows=10
2026-01-29 19:13:32,591 [INFO] Code G514920 page 2: html_rows=10 dom_rows=10 grid_rows=10
2026-01-29 19:13:40,642 [INFO] Code G514920 page 3: html_rows=10 dom_rows=10 grid_rows=10
2026-01-29 19:13:48,685 [INFO] Code G514920 page 4: html_rows=10 dom_rows=10 grid_rows=10
2026-01-29 19:13:56,736 [INFO] Code G514920 page 5: html_rows=10 dom_rows=10 grid_rows=10
2026-01-29 19:14:04,802 [INFO] Code G514920 page 6: html_rows=10 dom_rows=10 grid_rows=10
2026-01-29 19:14:12,846 [INFO] Code G514920 page 7: html_rows=10 dom_rows=10 grid_rows=10
2026-01-29 19:14:20,882 [INFO] Code G514920 page 8: html_rows=10 dom_rows=10 grid_rows=10
2026-01-29 19:14:28,899 [INFO] Code G514920 page 9: html_rows=10 dom_rows=10 grid_rows=10
2026-01-29 19:14:36,940 [INFO] Code G514920 page 10: html_rows=10 dom_rows=10 grid_rows=10
2026-01-29 19:14:44,957 [INFO] Code G514920 page 11: html_rows=10 dom_rows=10 grid_rows=10
2026-01-29 19:14:53,003 [INFO] Code G514920 page 12: html_rows=10 dom_rows=10 grid_rows=10
2026-01-29 19:15:01,055 [INFO] Code G514920 page 13: html_rows=10 dom_rows=10 grid_rows=10
2026-01-29 19:15:09,086 [INFO] Code G514920 page 14: html_rows=10 dom_rows=10 grid_rows=10
2026-01-29 19:15:17,120 [INFO] Code G514920 page 15: html_rows=10 dom_rows=10 grid_rows=10
2026-01-29 19:15:25,149 [INFO] Code G514920 page 16: html_rows=10 dom_rows=10 grid_rows=10
2026-01-29 19:15:33,161 [INFO] Code G514920 page 17: html_rows=10 dom_rows=10 grid_rows=10
2026-01-29 19:15:41,208 [INFO] Code G514920 page 18: html_rows=10 dom_rows=10 grid_rows=10
2026-01-29 19:15:49,226 [INFO] Code G514920 page 19: html_rows=10 dom_rows=10 grid_rows=10
2026-01-29 19:15:57,263 [INFO] Code G514920 page 20: html_rows=10 dom_rows=10 grid_rows=10
2026-01-29 19:16:05,312 [INFO] Code G514920 page 21: html_rows=10 dom_rows=10 grid_rows=10
2026-01-29 19:16:13,337 [INFO] Code G514920 page 22: html_rows=10 dom_rows=10 grid_rows=10
2026-01-29 19:16:21,374 [INFO] Code G514920 page 23: html_rows=10 dom_rows=10 grid_rows=10
2026-01-29 19:16:29,397 [INFO] Code G514920 page 24: html_rows=10 dom_rows=10 grid_rows=10
2026-01-29 19:16:37,416 [INFO] Code G514920 page 25: html_rows=10 dom_rows=10 grid_rows=10
2026-01-29 19:16:45,442 [INFO] Code G514920 page 26: html_rows=10 dom_rows=10 grid_rows=10
2026-01-29 19:16:53,480 [INFO] Code G514920 page 27: html_rows=10 dom_rows=10 grid_rows=10
2026-01-29 19:17:01,516 [INFO] Code G514920 page 28: html_rows=10 dom_rows=10 grid_rows=10
2026-01-29 19:17:09,531 [INFO] Code G514920 page 29: html_rows=10 dom_rows=10 grid_rows=10
2026-01-29 19:17:17,664 [INFO] Code G514920 page 30: html_rows=10 dom_rows=10 grid_rows=10
2026-01-29 19:17:25,692 [INFO] Code G514920 page 31: html_rows=10 dom_rows=10 grid_rows=10
2026-01-29 19:17:33,713 [INFO] Code G514920 page 32: html_rows=10 dom_rows=10 grid_rows=10
2026-01-29 19:17:41,741 [INFO] Code G514920 page 33: html_rows=10 dom_rows=10 grid_rows=10
2026-01-29 19:17:49,870 [INFO] Code G514920 page 34: html_rows=10 dom_rows=10 grid_rows=10
2026-01-29 19:17:57,898 [INFO] Code G514920 page 35: html_rows=10 dom_rows=10 grid_rows=10
2026-01-29 19:18:05,907 [INFO] Code G514920 page 36: html_rows=10 dom_rows=10 grid_rows=10
2026-01-29 19:18:13,937 [INFO] Code G514920 page 37: html_rows=10 dom_rows=10 grid_rows=10
2026-01-29 19:18:22,056 [INFO] Code G514920 page 38: html_rows=10 dom_rows=10 grid_rows=10
2026-01-29 19:18:30,101 [INFO] Code G514920 page 39: html_rows=10 dom_rows=10 grid_rows=10
2026-01-29 19:18:38,120 [INFO] Code G514920 page 40: html_rows=10 dom_rows=10 grid_rows=10
2026-01-29 19:18:46,137 [INFO] Code G514920 page 41: html_rows=10 dom_rows=10 grid_rows=10
2026-01-29 19:18:54,260 [INFO] Code G514920 page 42: html_rows=10 dom_rows=10 grid_rows=10
2026-01-29 19:19:02,271 [INFO] Code G514920 page 43: html_rows=10 dom_rows=10 grid_rows=10
2026-01-29 19:19:10,289 [INFO] Code G514920 page 44: html_rows=10 dom_rows=10 grid_rows=10
2026-01-29 19:19:18,305 [INFO] Code G514920 page 45: html_rows=10 dom_rows=10 grid_rows=10
2026-01-29 19:19:26,426 [INFO] Code G514920 page 46: html_rows=10 dom_rows=10 grid_rows=10
2026-01-29 19:19:34,462 [INFO] Code G514920 page 47: html_rows=10 dom_rows=10 grid_rows=10
2026-01-29 19:19:42,508 [INFO] Code G514920 page 48: html_rows=10 dom_rows=10 grid_rows=10
2026-01-29 19:19:50,534 [INFO] Code G514920 page 49: html_rows=10 dom_rows=10 grid_rows=10
2026-01-29 19:19:58,659 [INFO] Code G514920 page 50: html_rows=10 dom_rows=10 grid_rows=10
2026-01-29 19:20:06,681 [INFO] Code G514920 page 51: html_rows=10 dom_rows=10 grid_rows=10
2026-01-29 19:20:06,681 [INFO] Page content repeated for code G514920; stopping pagination.
2026-01-29 19:20:06,888 [INFO] Saved 500 rows to D:\Data-Collector\raw\dubai_chamber\dubai_chamber_20260129_151253.csv
