2026-01-29 18:49:29,932 [INFO] Processing code K742142
2026-01-29 18:49:49,599 [WARNING] Initial page load timed out; continuing with whatever rendered for code K742142
2026-01-29 18:49:57,773 [INFO] Code K742142 page 1: html_rows=7 dom_rows=7 grid_rows=7
2026-01-29 18:49:57,785 [INFO] Processing code K742133
2026-01-29 18:50:08,033 [INFO] Code K742133 page 1: html_rows=4 dom_rows=4 grid_rows=4
2026-01-29 18:50:08,047 [INFO] Processing code C112010
2026-01-29 18:50:18,669 [INFO] Code C112010 page 1: html_rows=10 dom_rows=10 grid_rows=10
2026-01-29 18:50:26,793 [INFO] Code C112010 page 1: html_rows=10 dom_rows=10 grid_rows=10
2026-01-29 18:50:26,806 [INFO] Processing code D281108
2026-01-29 18:50:37,176 [INFO] Code D281108 page 1: html_rows=10 dom_rows=10 grid_rows=10
2026-01-29 18:50:45,287 [INFO] Code D281108 page 1: html_rows=10 dom_rows=10 grid_rows=10
2026-01-29 18:50:53,323 [INFO] Code D281108 page 1: html_rows=10 dom_rows=10 grid_rows=10
2026-01-29 18:51:01,354 [INFO] Code D281108 page 1: html_rows=10 dom_rows=10 grid_rows=10
2026-01-29 18:51:09,442 [INFO] Code D281108 page 1: html_rows=10 dom_rows=10 grid_rows=10
2026-01-29 18:51:17,496 [INFO] Code D281108 page 1: html_rows=10 dom_rows=10 grid_rows=10
2026-01-29 18:51:25,522 [INFO] Code D281108 page 1: html_rows=10 dom_rows=10 grid_rows=10
2026-01-29 18:51:33,553 [INFO] Code D281108 page 1: html_rows=10 dom_rows=10 grid_rows=10
2026-01-29 18:51:41,606 [INFO] Code D281108 page 1: html_rows=10 dom_rows=10 grid_rows=10
2026-01-29 18:51:49,631 [INFO] Code D281108 page 1: html_rows=10 dom_rows=10 grid_rows=10
2026-01-29 18:51:57,693 [INFO] Code D281108 page 1: html_rows=10 dom_rows=10 grid_rows=10
2026-01-29 18:52:05,729 [INFO] Code D281108 page 1: html_rows=10 dom_rows=10 grid_rows=10
2026-01-29 18:52:05,737 [INFO] Processing code K742154
2026-01-29 18:52:16,121 [INFO] Code K742154 page 1: html_rows=3 dom_rows=3 grid_rows=3
2026-01-29 18:52:16,121 [INFO] Processing code C111003
2026-01-29 18:52:27,722 [INFO] Code C111003 page 1: html_rows=10 dom_rows=10 grid_rows=10
2026-01-29 18:52:35,859 [INFO] Code C111003 page 1: html_rows=10 dom_rows=10 grid_rows=10
2026-01-29 18:52:43,936 [INFO] Code C111003 page 1: html_rows=10 dom_rows=10 grid_rows=10
2026-01-29 18:52:43,946 [INFO] Processing code K742109
2026-01-29 18:52:54,432 [INFO] Code K742109 page 1: html_rows=10 dom_rows=10 grid_rows=10
2026-01-29 18:53:02,535 [INFO] Code K742109 page 1: html_rows=10 dom_rows=10 grid_rows=10
2026-01-29 18:53:10,562 [INFO] Code K742109 page 1: html_rows=10 dom_rows=10 grid_rows=10
2026-01-29 18:53:18,589 [INFO] Code K742109 page 1: html_rows=10 dom_rows=10 grid_rows=10
2026-01-29 18:53:26,634 [INFO] Code K742109 page 1: html_rows=10 dom_rows=10 grid_rows=10
2026-01-29 18:53:34,655 [INFO] Code K742109 page 1: html_rows=10 dom_rows=10 grid_rows=10
2026-01-29 18:53:42,685 [INFO] Code K742109 page 1: html_rows=10 dom_rows=10 grid_rows=10
2026-01-29 18:53:50,725 [INFO] Code K742109 page 1: html_rows=10 dom_rows=10 grid_rows=10
2026-01-29 18:53:50,736 [INFO] Processing code F452014
2026-01-29 18:54:04,569 [INFO] Code F452014 page 1: html_rows=10 dom_rows=10 grid_rows=10
2026-01-29 18:54:12,691 [INFO] Code F452014 page 1: html_rows=10 dom_rows=10 grid_rows=10
2026-01-29 18:54:20,708 [INFO] Code F452014 page 1: html_rows=10 dom_rows=10 grid_rows=10
2026-01-29 18:54:28,746 [INFO] Code F452014 page 1: html_rows=10 dom_rows=10 grid_rows=10
2026-01-29 18:54:36,777 [INFO] Code F452014 page 1: html_rows=10 dom_rows=10 grid_rows=10
2026-01-29 18:54:44,802 [INFO] Code F452014 page 1: html_rows=10 dom_rows=10 grid_rows=10
2026-01-29 18:54:52,823 [INFO] Code F452014 page 1: html_rows=10 dom_rows=10 grid_rows=10
2026-01-29 18:55:00,859 [INFO] Code F452014 page 1: html_rows=10 dom_rows=10 grid_rows=10
2026-01-29 18:55:08,882 [INFO] Code F452014 page 1: html_rows=10 dom_rows=10 grid_rows=10
2026-01-29 18:55:16,914 [INFO] Code F452014 page 1: html_rows=10 dom_rows=10 grid_rows=10
2026-01-29 18:55:24,976 [INFO] Code F452014 page 1: html_rows=10 dom_rows=10 grid_rows=10
2026-01-29 18:55:32,992 [INFO] Code F452014 page 1: html_rows=10 dom_rows=10 grid_rows=10
2026-01-29 18:55:41,019 [INFO] Code F452014 page 1: html_rows=10 dom_rows=10 grid_rows=10
2026-01-29 18:55:41,029 [INFO] Processing code C112001
2026-01-29 18:55:51,942 [INFO] Code C112001 page 1: html_rows=10 dom_rows=10 grid_rows=10
2026-01-29 18:56:00,046 [INFO] Code C112001 page 1: html_rows=10 dom_rows=10 grid_rows=10
2026-01-29 18:56:08,083 [INFO] Code C112001 page 1: html_rows=10 dom_rows=10 grid_rows=10
2026-01-29 18:56:16,116 [INFO] Code C112001 page 1: html_rows=10 dom_rows=10 grid_rows=10
2026-01-29 18:56:24,142 [INFO] Code C112001 page 1: html_rows=10 dom_rows=10 grid_rows=10
2026-01-29 18:56:32,207 [INFO] Code C112001 page 1: html_rows=10 dom_rows=10 grid_rows=10
2026-01-29 18:56:32,207 [INFO] Processing code C112004
2026-01-29 18:56:43,205 [INFO] Code C112004 page 1: html_rows=10 dom_rows=10 grid_rows=10
2026-01-29 18:56:51,304 [INFO] Code C112004 page 1: html_rows=10 dom_rows=10 grid_rows=10
2026-01-29 18:56:59,327 [INFO] Code C112004 page 1: html_rows=10 dom_rows=10 grid_rows=10
2026-01-29 18:57:07,354 [INFO] Code C112004 page 1: html_rows=10 dom_rows=10 grid_rows=10
2026-01-29 18:57:15,364 [INFO] Code C112004 page 1: html_rows=10 dom_rows=10 grid_rows=10
2026-01-29 18:57:23,398 [INFO] Code C112004 page 1: html_rows=10 dom_rows=10 grid_rows=10
2026-01-29 18:57:31,431 [INFO] Code C112004 page 1: html_rows=10 dom_rows=10 grid_rows=10
2026-01-29 18:57:39,440 [INFO] Code C112004 page 1: html_rows=10 dom_rows=10 grid_rows=10
2026-01-29 18:57:47,494 [INFO] Code C112004 page 1: html_rows=10 dom_rows=10 grid_rows=10
2026-01-29 18:57:55,512 [INFO] Code C112004 page 1: html_rows=10 dom_rows=10 grid_rows=10
2026-01-29 18:58:03,538 [INFO] Code C112004 page 1: html_rows=10 dom_rows=10 grid_rows=10
2026-01-29 18:58:11,558 [INFO] Code C112004 page 1: html_rows=10 dom_rows=10 grid_rows=10
2026-01-29 18:58:11,568 [INFO] Processing code C112002
2026-01-29 18:58:22,257 [INFO] Code C112002 page 1: html_rows=10 dom_rows=10 grid_rows=10
2026-01-29 18:58:30,362 [INFO] Code C112002 page 1: html_rows=10 dom_rows=10 grid_rows=10
2026-01-29 18:58:38,385 [INFO] Code C112002 page 1: html_rows=10 dom_rows=10 grid_rows=10
2026-01-29 18:58:46,423 [INFO] Code C112002 page 1: html_rows=10 dom_rows=10 grid_rows=10
2026-01-29 18:58:54,476 [INFO] Code C112002 page 1: html_rows=10 dom_rows=10 grid_rows=10
2026-01-29 18:59:02,514 [INFO] Code C112002 page 1: html_rows=10 dom_rows=10 grid_rows=10
2026-01-29 18:59:10,531 [INFO] Code C112002 page 1: html_rows=10 dom_rows=10 grid_rows=10
2026-01-29 18:59:10,542 [INFO] Processing code C112003
2026-01-29 18:59:21,344 [INFO] Code C112003 page 1: html_rows=10 dom_rows=10 grid_rows=10
2026-01-29 18:59:29,435 [INFO] Code C112003 page 1: html_rows=10 dom_rows=10 grid_rows=10
2026-01-29 18:59:37,472 [INFO] Code C112003 page 1: html_rows=10 dom_rows=10 grid_rows=10
2026-01-29 18:59:45,496 [INFO] Code C112003 page 1: html_rows=10 dom_rows=10 grid_rows=10
2026-01-29 18:59:53,531 [INFO] Code C112003 page 1: html_rows=10 dom_rows=10 grid_rows=10
2026-01-29 19:00:01,560 [INFO] Code C112003 page 1: html_rows=10 dom_rows=10 grid_rows=10
2026-01-29 19:00:01,570 [INFO] Processing code G514920
2026-01-29 19:00:12,647 [INFO] Code G514920 page 1: html_rows=10 dom_rows=10 grid_rows=10
2026-01-29 19:00:20,744 [INFO] Code G514920 page 1: html_rows=10 dom_rows=10 grid_rows=10
2026-01-29 19:00:28,769 [INFO] Code G514920 page 1: html_rows=10 dom_rows=10 grid_rows=10
2026-01-29 19:00:36,808 [INFO] Code G514920 page 1: html_rows=10 dom_rows=10 grid_rows=10
2026-01-29 19:00:44,837 [INFO] Code G514920 page 1: html_rows=10 dom_rows=10 grid_rows=10
2026-01-29 19:00:52,852 [INFO] Code G514920 page 1: html_rows=10 dom_rows=10 grid_rows=10
2026-01-29 19:01:00,930 [INFO] Code G514920 page 1: html_rows=10 dom_rows=10 grid_rows=10
2026-01-29 19:01:08,970 [INFO] Code G514920 page 1: html_rows=10 dom_rows=10 grid_rows=10
2026-01-29 19:01:17,015 [INFO] Code G514920 page 1: html_rows=10 dom_rows=10 grid_rows=10
2026-01-29 19:01:25,077 [INFO] Code G514920 page 1: html_rows=10 dom_rows=10 grid_rows=10
2026-01-29 19:01:33,100 [INFO] Code G514920 page 1: html_rows=10 dom_rows=10 grid_rows=10
2026-01-29 19:01:41,135 [INFO] Code G514920 page 1: html_rows=10 dom_rows=10 grid_rows=10
2026-01-29 19:01:49,186 [INFO] Code G514920 page 1: html_rows=10 dom_rows=10 grid_rows=10
2026-01-29 19:01:57,222 [INFO] Code G514920 page 1: html_rows=10 dom_rows=10 grid_rows=10
2026-01-29 19:02:05,237 [INFO] Code G514920 page 1: html_rows=10 dom_rows=10 grid_rows=10
2026-01-29 19:02:13,281 [INFO] Code G514920 page 1: html_rows=10 dom_rows=10 grid_rows=10
2026-01-29 19:02:21,326 [INFO] Code G514920 page 1: html_rows=10 dom_rows=10 grid_rows=10
2026-01-29 19:02:29,380 [INFO] Code G514920 page 1: html_rows=10 dom_rows=10 grid_rows=10
2026-01-29 19:02:37,412 [INFO] Code G514920 page 1: html_rows=10 dom_rows=10 grid_rows=10
2026-01-29 19:02:45,439 [INFO] Code G514920 page 1: html_rows=10 dom_rows=10 grid_rows=10
2026-01-29 19:02:53,468 [INFO] Code G514920 page 1: html_rows=10 dom_rows=10 grid_rows=10
2026-01-29 19:03:01,502 [INFO] Code G514920 page 1: html_rows=10 dom_rows=10 grid_rows=10
2026-01-29 19:03:09,510 [INFO] Code G514920 page 1: html_rows=10 dom_rows=10 grid_rows=10
2026-01-29 19:03:17,553 [INFO] Code G514920 page 1: html_rows=10 dom_rows=10 grid_rows=10
2026-01-29 19:03:25,585 [INFO] Code G514920 page 1: html_rows=10 dom_rows=10 grid_rows=10
2026-01-29 19:03:33,614 [INFO] Code G514920 page 1: html_rows=10 dom_rows=10 grid_rows=10
2026-01-29 19:03:41,680 [INFO] Code G514920 page 1: html_rows=10 dom_rows=10 grid_rows=10
2026-01-29 19:03:49,699 [INFO] Code G514920 page 1: html_rows=10 dom_rows=10 grid_rows=10
2026-01-29 19:03:57,737 [INFO] Code G514920 page 1: html_rows=10 dom_rows=10 grid_rows=10
2026-01-29 19:04:05,760 [INFO] Code G514920 page 1: html_rows=10 dom_rows=10 grid_rows=10
2026-01-29 19:04:13,781 [INFO] Code G514920 page 1: html_rows=10 dom_rows=10 grid_rows=10
2026-01-29 19:04:21,789 [INFO] Code G514920 page 1: html_rows=10 dom_rows=10 grid_rows=10
2026-01-29 19:04:29,817 [INFO] Code G514920 page 1: html_rows=10 dom_rows=10 grid_rows=10
2026-01-29 19:04:37,846 [INFO] Code G514920 page 1: html_rows=10 dom_rows=10 grid_rows=10
2026-01-29 19:04:45,873 [INFO] Code G514920 page 1: html_rows=10 dom_rows=10 grid_rows=10
2026-01-29 19:04:53,930 [INFO] Code G514920 page 1: html_rows=10 dom_rows=10 grid_rows=10
2026-01-29 19:05:01,947 [INFO] Code G514920 page 1: html_rows=10 dom_rows=10 grid_rows=10
2026-01-29 19:05:09,964 [INFO] Code G514920 page 1: html_rows=10 dom_rows=10 grid_rows=10
2026-01-29 19:05:17,976 [INFO] Code G514920 page 1: html_rows=10 dom_rows=10 grid_rows=10
2026-01-29 19:05:25,990 [INFO] Code G514920 page 1: html_rows=10 dom_rows=10 grid_rows=10
2026-01-29 19:05:34,021 [INFO] Code G514920 page 1: html_rows=10 dom_rows=10 grid_rows=10
2026-01-29 19:05:42,050 [INFO] Code G514920 page 1: html_rows=10 dom_rows=10 grid_rows=10
2026-01-29 19:05:50,066 [INFO] Code G514920 page 1: html_rows=10 dom_rows=10 grid_rows=10
2026-01-29 19:05:58,094 [INFO] Code G514920 page 1: html_rows=10 dom_rows=10 grid_rows=10
2026-01-29 19:06:06,122 [INFO] Code G514920 page 1: html_rows=10 dom_rows=10 grid_rows=10
2026-01-29 19:06:14,130 [INFO] Code G514920 page 1: html_rows=10 dom_rows=10 grid_rows=10
2026-01-29 19:06:22,170 [INFO] Code G514920 page 1: html_rows=10 dom_rows=10 grid_rows=10
2026-01-29 19:06:30,191 [INFO] Code G514920 page 1: html_rows=10 dom_rows=10 grid_rows=10
2026-01-29 19:06:38,216 [INFO] Code G514920 page 1: html_rows=10 dom_rows=10 grid_rows=10
2026-01-29 19:06:46,230 [INFO] Code G514920 page 1: html_rows=10 dom_rows=10 grid_rows=10
2026-01-29 19:06:54,249 [INFO] Code G514920 page 1: html_rows=10 dom_rows=10 grid_rows=10
2026-01-29 19:07:02,299 [INFO] Code G514920 page 1: html_rows=10 dom_rows=10 grid_rows=10
2026-01-29 19:07:10,330 [INFO] Code G514920 page 1: html_rows=10 dom_rows=10 grid_rows=10
2026-01-29 19:07:18,362 [INFO] Code G514920 page 1: html_rows=10 dom_rows=10 grid_rows=10
2026-01-29 19:07:26,386 [INFO] Code G514920 page 1: html_rows=10 dom_rows=10 grid_rows=10
2026-01-29 19:07:34,417 [INFO] Code G514920 page 1: html_rows=10 dom_rows=10 grid_rows=10
2026-01-29 19:07:42,446 [INFO] Code G514920 page 1: html_rows=10 dom_rows=10 grid_rows=10
2026-01-29 19:07:50,475 [INFO] Code G514920 page 1: html_rows=10 dom_rows=10 grid_rows=10
2026-01-29 19:07:58,490 [INFO] Code G514920 page 1: html_rows=10 dom_rows=10 grid_rows=10
2026-01-29 19:08:06,523 [INFO] Code G514920 page 1: html_rows=10 dom_rows=10 grid_rows=10
2026-01-29 19:08:14,546 [INFO] Code G514920 page 1: html_rows=10 dom_rows=10 grid_rows=10
2026-01-29 19:08:22,597 [INFO] Code G514920 page 1: html_rows=10 dom_rows=10 grid_rows=10
2026-01-29 19:08:30,612 [INFO] Code G514920 page 1: html_rows=10 dom_rows=10 grid_rows=10
2026-01-29 19:08:38,634 [INFO] Code G514920 page 1: html_rows=10 dom_rows=10 grid_rows=10
2026-01-29 19:08:46,644 [INFO] Code G514920 page 1: html_rows=10 dom_rows=10 grid_rows=10
2026-01-29 19:08:54,673 [INFO] Code G514920 page 1: html_rows=10 dom_rows=10 grid_rows=10
2026-01-29 19:09:02,702 [INFO] Code G514920 page 1: html_rows=10 dom_rows=10 grid_rows=10
2026-01-29 19:09:10,709 [INFO] Code G514920 page 1: html_rows=10 dom_rows=10 grid_rows=10
2026-01-29 19:09:18,757 [INFO] Code G514920 page 1: html_rows=10 dom_rows=10 grid_rows=10
2026-01-29 19:09:26,807 [INFO] Code G514920 page 1: html_rows=10 dom_rows=10 grid_rows=10
2026-01-29 19:09:34,827 [INFO] Code G514920 page 1: html_rows=10 dom_rows=10 grid_rows=10
2026-01-29 19:09:42,850 [INFO] Code G514920 page 1: html_rows=10 dom_rows=10 grid_rows=10
2026-01-29 19:09:50,889 [INFO] Code G514920 page 1: html_rows=10 dom_rows=10 grid_rows=10
2026-01-29 19:09:58,886 [INFO] Code G514920 page 1: html_rows=10 dom_rows=10 grid_rows=10
2026-01-29 19:10:06,909 [INFO] Code G514920 page 1: html_rows=10 dom_rows=10 grid_rows=10
2026-01-29 19:10:14,925 [INFO] Code G514920 page 1: html_rows=10 dom_rows=10 grid_rows=10
2026-01-29 19:10:22,978 [INFO] Code G514920 page 1: html_rows=10 dom_rows=10 grid_rows=10
2026-01-29 19:10:30,997 [INFO] Code G514920 page 1: html_rows=10 dom_rows=10 grid_rows=10
2026-01-29 19:10:39,037 [INFO] Code G514920 page 1: html_rows=10 dom_rows=10 grid_rows=10
2026-01-29 19:10:47,069 [INFO] Code G514920 page 1: html_rows=10 dom_rows=10 grid_rows=10
2026-01-29 19:10:55,090 [INFO] Code G514920 page 1: html_rows=10 dom_rows=10 grid_rows=10
2026-01-29 19:11:03,123 [INFO] Code G514920 page 1: html_rows=10 dom_rows=10 grid_rows=10
2026-01-29 19:11:11,214 [INFO] Code G514920 page 1: html_rows=10 dom_rows=10 grid_rows=10
2026-01-29 19:11:19,294 [INFO] Code G514920 page 1: html_rows=10 dom_rows=10 grid_rows=10
2026-01-29 19:11:27,354 [INFO] Code G514920 page 1: html_rows=10 dom_rows=10 grid_rows=10
2026-01-29 19:11:35,386 [INFO] Code G514920 page 1: html_rows=10 dom_rows=10 grid_rows=10
2026-01-29 19:11:43,428 [INFO] Code G514920 page 1: html_rows=10 dom_rows=10 grid_rows=10
2026-01-29 19:11:51,478 [INFO] Code G514920 page 1: html_rows=10 dom_rows=10 grid_rows=10
2026-01-29 19:11:59,518 [INFO] Code G514920 page 1: html_rows=10 dom_rows=10 grid_rows=10
2026-01-29 19:12:07,543 [INFO] Code G514920 page 1: html_rows=10 dom_rows=10 grid_rows=10
2026-01-29 19:12:15,548 [INFO] Code G514920 page 1: html_rows=10 dom_rows=10 grid_rows=10
2026-01-29 19:12:23,623 [INFO] Code G514920 page 1: html_rows=10 dom_rows=10 grid_rows=10
2026-01-29 19:12:31,662 [INFO] Code G514920 page 1: html_rows=10 dom_rows=10 grid_rows=10
2026-01-29 19:12:39,734 [INFO] Code G514920 page 1: html_rows=10 dom_rows=10 grid_rows=10
2026-01-29 19:12:40,298 [INFO] Processing code D281116
2026-01-29 19:12:40,301 [ERROR] Failed to open portal for code D281116: Page.goto: Target page, context or browser has been closed
2026-01-29 19:12:40,302 [INFO] Processing code K742216
2026-01-29 19:12:40,305 [ERROR] Failed to open portal for code K742216: Page.goto: Target page, context or browser has been closed
2026-01-29 19:12:40,305 [INFO] Processing code G515906
2026-01-29 19:12:40,309 [ERROR] Failed to open portal for code G515906: Page.goto: Target page, context or browser has been closed
2026-01-29 19:12:40,309 [INFO] Processing code D242904
2026-01-29 19:12:40,313 [ERROR] Failed to open portal for code D242904: Page.goto: Target page, context or browser has been closed
2026-01-29 19:12:40,476 [INFO] Saved 1644 rows to D:\Data-Collector\raw\dubai_chamber\dubai_chamber_20260129_144929.csv
